<?xml version="1.0" encoding="UTF-8"?>
<!-- Generated by org.testng.reporters.JUnitReportReporter -->
<testsuite skipped="0" hostname="INNOWAVE-IN-03" name="com.akademe.test.cases.LoginScript1" tests="3" failures="0" timestamp="04 Feb 2019 04:53:11 GMT" time="62.952" errors="0">
  <testcase name="loginPageTitleTest" time="17.615" classname="com.akademe.test.cases.LoginScript1"/>
  <testcase name="validateAkademeLogoTest" time="16.988" classname="com.akademe.test.cases.LoginScript1"/>
  <testcase name="loginTest1" time="28.349" classname="com.akademe.test.cases.LoginScript1"/>
</testsuite> <!-- com.akademe.test.cases.LoginScript1 -->
