<?xml version="1.0" encoding="UTF-8"?>
<!-- Generated by org.testng.reporters.JUnitReportReporter -->
<testsuite hostname="VishalPatilsMBP.local" failures="0" tests="1" name="com.pg.test.cases.ListJobsByFilter" time="48.447" errors="0" timestamp="11 Mar 2021 13:10:46 GMT" skipped="0">
  <testcase classname="com.pg.test.cases.ListJobsByFilter" name="List_number_of_jobs_by_filter" time="48.447"/>
</testsuite> <!-- com.pg.test.cases.ListJobsByFilter -->
