<?xml version="1.0" encoding="UTF-8"?>
<!-- Generated by org.testng.reporters.JUnitReportReporter -->
<testsuite skipped="0" hostname="INNOWAVE-IN-03" name="com.akademe.test.cases.dbConnection" tests="1" failures="0" timestamp="17 Apr 2019 12:11:19 GMT" time="1.279" errors="0">
  <testcase name="connect" time="1.279" classname="com.akademe.test.cases.dbConnection"/>
</testsuite> <!-- com.akademe.test.cases.dbConnection -->
