<?xml version="1.0" encoding="UTF-8"?>
<!-- Generated by org.testng.reporters.JUnitReportReporter -->
<testsuite hostname="VishalPatilsMBP.local" failures="0" tests="1" name="com.pg.test.cases.ListNumberOfJobs" time="49.248" errors="0" timestamp="11 Mar 2021 13:10:46 GMT" skipped="0">
  <testcase classname="com.pg.test.cases.ListNumberOfJobs" name="List_number_of_jobs_on_job_page_and_print" time="49.248"/>
</testsuite> <!-- com.pg.test.cases.ListNumberOfJobs -->
