<?xml version="1.0" encoding="UTF-8"?>
<!-- Generated by org.testng.reporters.JUnitReportReporter -->
<testsuite hostname="VishalPatilsMBP.local" failures="0" tests="1" name="com.akademe.test.cases.Smoke01" time="55.085" errors="0" timestamp="11 Mar 2021 05:30:21 GMT" skipped="0">
  <testcase classname="com.akademe.test.cases.Smoke01" name="List_number_of_jobs_on_job_page_and_print" time="55.085"/>
</testsuite> <!-- com.akademe.test.cases.Smoke01 -->
